[0.704s] Invoking command in '/home/vanische/Rozen/MEGA/src/mega': PYTHONPATH=/home/vanische/Rozen/MEGA/build/mega/prefix_override:/usr/lib/python3/dist-packages/colcon_core/task/python/colcon_distutils_commands:/home/vanische/Rozen/MEGA/install/mega/lib/python3.10/site-packages:${PYTHONPATH} /usr/bin/python3 -W ignore:setup.py install is deprecated setup.py egg_info --egg-base ../../build/mega build --build-base /home/vanische/Rozen/MEGA/build/mega/build install --record /home/vanische/Rozen/MEGA/build/mega/install.log --single-version-externally-managed install_data
[0.890s] running egg_info
[0.890s] writing ../../build/mega/mega.egg-info/PKG-INFO
[0.890s] writing dependency_links to ../../build/mega/mega.egg-info/dependency_links.txt
[0.891s] writing entry points to ../../build/mega/mega.egg-info/entry_points.txt
[0.891s] writing requirements to ../../build/mega/mega.egg-info/requires.txt
[0.891s] writing top-level names to ../../build/mega/mega.egg-info/top_level.txt
[0.892s] reading manifest file '../../build/mega/mega.egg-info/SOURCES.txt'
[0.893s] adding license file 'LICENSE'
[0.893s] writing manifest file '../../build/mega/mega.egg-info/SOURCES.txt'
[0.893s] running build
[0.893s] running build_py
[0.894s] copying mega/state_machine.py -> /home/vanische/Rozen/MEGA/build/mega/build/lib/mega
[0.894s] running install
[0.894s] running install_lib
[0.895s] copying /home/vanische/Rozen/MEGA/build/mega/build/lib/mega/state_machine.py -> /home/vanische/Rozen/MEGA/install/mega/lib/python3.10/site-packages/mega
[0.896s] byte-compiling /home/vanische/Rozen/MEGA/install/mega/lib/python3.10/site-packages/mega/state_machine.py to state_machine.cpython-310.pyc
[0.897s] running install_data
[0.897s] running install_egg_info
[0.898s] removing '/home/vanische/Rozen/MEGA/install/mega/lib/python3.10/site-packages/mega-0.0.0-py3.10.egg-info' (and everything under it)
[0.899s] Copying ../../build/mega/mega.egg-info to /home/vanische/Rozen/MEGA/install/mega/lib/python3.10/site-packages/mega-0.0.0-py3.10.egg-info
[0.899s] running install_scripts
[0.917s] Installing bottom_camera script to /home/vanische/Rozen/MEGA/install/mega/lib/mega
[0.917s] Installing serial script to /home/vanische/Rozen/MEGA/install/mega/lib/mega
[0.917s] Installing state_machine script to /home/vanische/Rozen/MEGA/install/mega/lib/mega
[0.918s] Installing stereo_camera script to /home/vanische/Rozen/MEGA/install/mega/lib/mega
[0.918s] writing list of installed files to '/home/vanische/Rozen/MEGA/build/mega/install.log'
[0.944s] Invoked command in '/home/vanische/Rozen/MEGA/src/mega' returned '0': PYTHONPATH=/home/vanische/Rozen/MEGA/build/mega/prefix_override:/usr/lib/python3/dist-packages/colcon_core/task/python/colcon_distutils_commands:/home/vanische/Rozen/MEGA/install/mega/lib/python3.10/site-packages:${PYTHONPATH} /usr/bin/python3 -W ignore:setup.py install is deprecated setup.py egg_info --egg-base ../../build/mega build --build-base /home/vanische/Rozen/MEGA/build/mega/build install --record /home/vanische/Rozen/MEGA/build/mega/install.log --single-version-externally-managed install_data
