[0.803s] Invoking command in '/home/vanische/Rozen/MEGA/src/skynet': PYTHONPATH=/home/vanische/Rozen/MEGA/build/skynet/prefix_override:/usr/lib/python3/dist-packages/colcon_core/task/python/colcon_distutils_commands:/home/vanische/Rozen/MEGA/install/skynet/lib/python3.10/site-packages:${PYTHONPATH} /usr/bin/python3 -W ignore:setup.py install is deprecated setup.py egg_info --egg-base ../../build/skynet build --build-base /home/vanische/Rozen/MEGA/build/skynet/build install --record /home/vanische/Rozen/MEGA/build/skynet/install.log --single-version-externally-managed install_data
[1.043s] running egg_info
[1.044s] writing ../../build/skynet/skynet.egg-info/PKG-INFO
[1.044s] writing dependency_links to ../../build/skynet/skynet.egg-info/dependency_links.txt
[1.044s] writing entry points to ../../build/skynet/skynet.egg-info/entry_points.txt
[1.044s] writing requirements to ../../build/skynet/skynet.egg-info/requires.txt
[1.044s] writing top-level names to ../../build/skynet/skynet.egg-info/top_level.txt
[1.046s] reading manifest file '../../build/skynet/skynet.egg-info/SOURCES.txt'
[1.046s] adding license file 'LICENSE'
[1.046s] writing manifest file '../../build/skynet/skynet.egg-info/SOURCES.txt'
[1.046s] running build
[1.047s] running build_py
[1.047s] running install
[1.047s] running install_lib
[1.048s] running install_data
[1.048s] running install_egg_info
[1.050s] removing '/home/vanische/Rozen/MEGA/install/skynet/lib/python3.10/site-packages/skynet-0.0.0-py3.10.egg-info' (and everything under it)
[1.050s] Copying ../../build/skynet/skynet.egg-info to /home/vanische/Rozen/MEGA/install/skynet/lib/python3.10/site-packages/skynet-0.0.0-py3.10.egg-info
[1.051s] running install_scripts
[1.074s] Installing skynet script to /home/vanische/Rozen/MEGA/install/skynet/lib/skynet
[1.074s] writing list of installed files to '/home/vanische/Rozen/MEGA/build/skynet/install.log'
[1.098s] Invoked command in '/home/vanische/Rozen/MEGA/src/skynet' returned '0': PYTHONPATH=/home/vanische/Rozen/MEGA/build/skynet/prefix_override:/usr/lib/python3/dist-packages/colcon_core/task/python/colcon_distutils_commands:/home/vanische/Rozen/MEGA/install/skynet/lib/python3.10/site-packages:${PYTHONPATH} /usr/bin/python3 -W ignore:setup.py install is deprecated setup.py egg_info --egg-base ../../build/skynet build --build-base /home/vanische/Rozen/MEGA/build/skynet/build install --record /home/vanische/Rozen/MEGA/build/skynet/install.log --single-version-externally-managed install_data
