[0.731s] Invoking command in '/home/vanische/Rozen/MEGA/src/mega': PYTHONPATH=/home/vanische/Rozen/MEGA/build/mega/prefix_override:/usr/lib/python3/dist-packages/colcon_core/task/python/colcon_distutils_commands:/home/vanische/Rozen/MEGA/install/mega/lib/python3.10/site-packages:${PYTHONPATH} /usr/bin/python3 -W ignore:setup.py install is deprecated setup.py egg_info --egg-base ../../build/mega build --build-base /home/vanische/Rozen/MEGA/build/mega/build install --record /home/vanische/Rozen/MEGA/build/mega/install.log --single-version-externally-managed install_data
[0.946s] running egg_info
[0.946s] writing ../../build/mega/mega.egg-info/PKG-INFO
[0.947s] writing dependency_links to ../../build/mega/mega.egg-info/dependency_links.txt
[0.947s] writing entry points to ../../build/mega/mega.egg-info/entry_points.txt
[0.947s] writing requirements to ../../build/mega/mega.egg-info/requires.txt
[0.947s] writing top-level names to ../../build/mega/mega.egg-info/top_level.txt
[0.949s] reading manifest file '../../build/mega/mega.egg-info/SOURCES.txt'
[0.949s] adding license file 'LICENSE'
[0.949s] writing manifest file '../../build/mega/mega.egg-info/SOURCES.txt'
[0.950s] running build
[0.950s] running build_py
[0.950s] copying mega/serial_comm.py -> /home/vanische/Rozen/MEGA/build/mega/build/lib/mega
[0.951s] running install
[0.951s] running install_lib
[0.952s] copying /home/vanische/Rozen/MEGA/build/mega/build/lib/mega/serial_comm.py -> /home/vanische/Rozen/MEGA/install/mega/lib/python3.10/site-packages/mega
[0.953s] byte-compiling /home/vanische/Rozen/MEGA/install/mega/lib/python3.10/site-packages/mega/serial_comm.py to serial_comm.cpython-310.pyc
[0.953s] running install_data
[0.954s] copying launch/mega.launch.xml -> /home/vanische/Rozen/MEGA/install/mega/share/mega/launch
[0.954s] running install_egg_info
[0.955s] removing '/home/vanische/Rozen/MEGA/install/mega/lib/python3.10/site-packages/mega-0.0.0-py3.10.egg-info' (and everything under it)
[0.956s] Copying ../../build/mega/mega.egg-info to /home/vanische/Rozen/MEGA/install/mega/lib/python3.10/site-packages/mega-0.0.0-py3.10.egg-info
[0.956s] running install_scripts
[0.975s] Installing bottom_camera script to /home/vanische/Rozen/MEGA/install/mega/lib/mega
[0.975s] Installing serial_comm script to /home/vanische/Rozen/MEGA/install/mega/lib/mega
[0.976s] Installing state_machine script to /home/vanische/Rozen/MEGA/install/mega/lib/mega
[0.976s] Installing stereo_camera script to /home/vanische/Rozen/MEGA/install/mega/lib/mega
[0.976s] writing list of installed files to '/home/vanische/Rozen/MEGA/build/mega/install.log'
[0.998s] Invoked command in '/home/vanische/Rozen/MEGA/src/mega' returned '0': PYTHONPATH=/home/vanische/Rozen/MEGA/build/mega/prefix_override:/usr/lib/python3/dist-packages/colcon_core/task/python/colcon_distutils_commands:/home/vanische/Rozen/MEGA/install/mega/lib/python3.10/site-packages:${PYTHONPATH} /usr/bin/python3 -W ignore:setup.py install is deprecated setup.py egg_info --egg-base ../../build/mega build --build-base /home/vanische/Rozen/MEGA/build/mega/build install --record /home/vanische/Rozen/MEGA/build/mega/install.log --single-version-externally-managed install_data
