/home/vanische/Rozen/MEGA/install/mega/lib/python3.10/site-packages/mega/__init__.py
/home/vanische/Rozen/MEGA/install/mega/lib/python3.10/site-packages/mega/bottom_camera.py
/home/vanische/Rozen/MEGA/install/mega/lib/python3.10/site-packages/mega/compute_depth_map.py
/home/vanische/Rozen/MEGA/install/mega/lib/python3.10/site-packages/mega/stereo_camera.py
/home/vanische/Rozen/MEGA/install/mega/lib/python3.10/site-packages/mega/serial_comm.py
/home/vanische/Rozen/MEGA/install/mega/lib/python3.10/site-packages/mega/state_machine.py
/home/vanische/Rozen/MEGA/install/mega/lib/python3.10/site-packages/mega/submodules/__init__.py
/home/vanische/Rozen/MEGA/install/mega/lib/python3.10/site-packages/mega/submodules/vanischeCV.py
/home/vanische/Rozen/MEGA/install/mega/lib/python3.10/site-packages/mega/submodules/frames.py
/home/vanische/Rozen/MEGA/install/mega/lib/python3.10/site-packages/mega/submodules/FPS.py
/home/vanische/Rozen/MEGA/install/mega/lib/python3.10/site-packages/mega/__pycache__/__init__.cpython-310.pyc
/home/vanische/Rozen/MEGA/install/mega/lib/python3.10/site-packages/mega/__pycache__/bottom_camera.cpython-310.pyc
/home/vanische/Rozen/MEGA/install/mega/lib/python3.10/site-packages/mega/__pycache__/compute_depth_map.cpython-310.pyc
/home/vanische/Rozen/MEGA/install/mega/lib/python3.10/site-packages/mega/__pycache__/stereo_camera.cpython-310.pyc
/home/vanische/Rozen/MEGA/install/mega/lib/python3.10/site-packages/mega/__pycache__/serial_comm.cpython-310.pyc
/home/vanische/Rozen/MEGA/install/mega/lib/python3.10/site-packages/mega/__pycache__/state_machine.cpython-310.pyc
/home/vanische/Rozen/MEGA/install/mega/lib/python3.10/site-packages/mega/submodules/__pycache__/__init__.cpython-310.pyc
/home/vanische/Rozen/MEGA/install/mega/lib/python3.10/site-packages/mega/submodules/__pycache__/vanischeCV.cpython-310.pyc
/home/vanische/Rozen/MEGA/install/mega/lib/python3.10/site-packages/mega/submodules/__pycache__/frames.cpython-310.pyc
/home/vanische/Rozen/MEGA/install/mega/lib/python3.10/site-packages/mega/submodules/__pycache__/FPS.cpython-310.pyc
/home/vanische/Rozen/MEGA/install/mega/share/ament_index/resource_index/packages/mega
/home/vanische/Rozen/MEGA/install/mega/share/mega/package.xml
/home/vanische/Rozen/MEGA/install/mega/share/mega/launch/mega.launch.xml
/home/vanische/Rozen/MEGA/install/mega/lib/python3.10/site-packages/mega-0.0.0-py3.10.egg-info/PKG-INFO
/home/vanische/Rozen/MEGA/install/mega/lib/python3.10/site-packages/mega-0.0.0-py3.10.egg-info/zip-safe
/home/vanische/Rozen/MEGA/install/mega/lib/python3.10/site-packages/mega-0.0.0-py3.10.egg-info/dependency_links.txt
/home/vanische/Rozen/MEGA/install/mega/lib/python3.10/site-packages/mega-0.0.0-py3.10.egg-info/entry_points.txt
/home/vanische/Rozen/MEGA/install/mega/lib/python3.10/site-packages/mega-0.0.0-py3.10.egg-info/requires.txt
/home/vanische/Rozen/MEGA/install/mega/lib/python3.10/site-packages/mega-0.0.0-py3.10.egg-info/top_level.txt
/home/vanische/Rozen/MEGA/install/mega/lib/python3.10/site-packages/mega-0.0.0-py3.10.egg-info/SOURCES.txt
/home/vanische/Rozen/MEGA/install/mega/lib/mega/bottom_camera
/home/vanische/Rozen/MEGA/install/mega/lib/mega/serial_comm
/home/vanische/Rozen/MEGA/install/mega/lib/mega/state_machine
/home/vanische/Rozen/MEGA/install/mega/lib/mega/stereo_camera
