[0.728s] Invoking command in '/home/vanische/Rozen/MEGA/src/mega': PYTHONPATH=/home/vanische/Rozen/MEGA/build/mega/prefix_override:/usr/lib/python3/dist-packages/colcon_core/task/python/colcon_distutils_commands:/home/vanische/Rozen/MEGA/install/mega/lib/python3.10/site-packages:${PYTHONPATH} /usr/bin/python3 -W ignore:setup.py install is deprecated setup.py egg_info --egg-base ../../build/mega build --build-base /home/vanische/Rozen/MEGA/build/mega/build install --record /home/vanische/Rozen/MEGA/build/mega/install.log --single-version-externally-managed install_data
[0.944s] running egg_info
[0.944s] writing ../../build/mega/mega.egg-info/PKG-INFO
[0.945s] writing dependency_links to ../../build/mega/mega.egg-info/dependency_links.txt
[0.945s] writing entry points to ../../build/mega/mega.egg-info/entry_points.txt
[0.945s] writing requirements to ../../build/mega/mega.egg-info/requires.txt
[0.945s] writing top-level names to ../../build/mega/mega.egg-info/top_level.txt
[0.946s] reading manifest file '../../build/mega/mega.egg-info/SOURCES.txt'
[0.947s] adding license file 'LICENSE'
[0.947s] writing manifest file '../../build/mega/mega.egg-info/SOURCES.txt'
[0.948s] running build
[0.948s] running build_py
[0.948s] running install
[0.948s] running install_lib
[0.950s] running install_data
[0.950s] running install_egg_info
[0.952s] removing '/home/vanische/Rozen/MEGA/install/mega/lib/python3.10/site-packages/mega-0.0.0-py3.10.egg-info' (and everything under it)
[0.953s] Copying ../../build/mega/mega.egg-info to /home/vanische/Rozen/MEGA/install/mega/lib/python3.10/site-packages/mega-0.0.0-py3.10.egg-info
[0.954s] running install_scripts
[0.973s] Installing bottom_camera script to /home/vanische/Rozen/MEGA/install/mega/lib/mega
[0.973s] Installing serial_comm script to /home/vanische/Rozen/MEGA/install/mega/lib/mega
[0.973s] Installing state_machine script to /home/vanische/Rozen/MEGA/install/mega/lib/mega
[0.974s] Installing stereo_camera script to /home/vanische/Rozen/MEGA/install/mega/lib/mega
[0.974s] writing list of installed files to '/home/vanische/Rozen/MEGA/build/mega/install.log'
[0.995s] Invoked command in '/home/vanische/Rozen/MEGA/src/mega' returned '0': PYTHONPATH=/home/vanische/Rozen/MEGA/build/mega/prefix_override:/usr/lib/python3/dist-packages/colcon_core/task/python/colcon_distutils_commands:/home/vanische/Rozen/MEGA/install/mega/lib/python3.10/site-packages:${PYTHONPATH} /usr/bin/python3 -W ignore:setup.py install is deprecated setup.py egg_info --egg-base ../../build/mega build --build-base /home/vanische/Rozen/MEGA/build/mega/build install --record /home/vanische/Rozen/MEGA/build/mega/install.log --single-version-externally-managed install_data
