running egg_info
creating ../../build/skynet/skynet.egg-info
writing ../../build/skynet/skynet.egg-info/PKG-INFO
writing dependency_links to ../../build/skynet/skynet.egg-info/dependency_links.txt
writing entry points to ../../build/skynet/skynet.egg-info/entry_points.txt
writing requirements to ../../build/skynet/skynet.egg-info/requires.txt
writing top-level names to ../../build/skynet/skynet.egg-info/top_level.txt
writing manifest file '../../build/skynet/skynet.egg-info/SOURCES.txt'
reading manifest file '../../build/skynet/skynet.egg-info/SOURCES.txt'
adding license file 'LICENSE'
writing manifest file '../../build/skynet/skynet.egg-info/SOURCES.txt'
running build
running build_py
creating /home/vanische/Rozen/MEGA/build/skynet/build
creating /home/vanische/Rozen/MEGA/build/skynet/build/lib
creating /home/vanische/Rozen/MEGA/build/skynet/build/lib/skynet
copying skynet/__init__.py -> /home/vanische/Rozen/MEGA/build/skynet/build/lib/skynet
running install
running install_lib
creating /home/vanische/Rozen/MEGA/install/skynet/lib/python3.10/site-packages/skynet
copying /home/vanische/Rozen/MEGA/build/skynet/build/lib/skynet/__init__.py -> /home/vanische/Rozen/MEGA/install/skynet/lib/python3.10/site-packages/skynet
byte-compiling /home/vanische/Rozen/MEGA/install/skynet/lib/python3.10/site-packages/skynet/__init__.py to __init__.cpython-310.pyc
running install_data
creating /home/vanische/Rozen/MEGA/install/skynet/share/ament_index
creating /home/vanische/Rozen/MEGA/install/skynet/share/ament_index/resource_index
creating /home/vanische/Rozen/MEGA/install/skynet/share/ament_index/resource_index/packages
copying resource/skynet -> /home/vanische/Rozen/MEGA/install/skynet/share/ament_index/resource_index/packages
copying package.xml -> /home/vanische/Rozen/MEGA/install/skynet/share/skynet
running install_egg_info
Copying ../../build/skynet/skynet.egg-info to /home/vanische/Rozen/MEGA/install/skynet/lib/python3.10/site-packages/skynet-0.0.0-py3.10.egg-info
running install_scripts
writing list of installed files to '/home/vanische/Rozen/MEGA/build/skynet/install.log'
