[0.692s] Invoking command in '/home/vanische/Rozen/MEGA/src/skynet': PYTHONPATH=/home/vanische/Rozen/MEGA/build/skynet/prefix_override:/usr/lib/python3/dist-packages/colcon_core/task/python/colcon_distutils_commands:/home/vanische/Rozen/MEGA/install/skynet/lib/python3.10/site-packages:${PYTHONPATH} /usr/bin/python3 -W ignore:setup.py install is deprecated setup.py egg_info --egg-base ../../build/skynet build --build-base /home/vanische/Rozen/MEGA/build/skynet/build install --record /home/vanische/Rozen/MEGA/build/skynet/install.log --single-version-externally-managed install_data
[0.909s] running egg_info
[0.909s] creating ../../build/skynet/skynet.egg-info
[0.909s] writing ../../build/skynet/skynet.egg-info/PKG-INFO
[0.910s] writing dependency_links to ../../build/skynet/skynet.egg-info/dependency_links.txt
[0.910s] writing entry points to ../../build/skynet/skynet.egg-info/entry_points.txt
[0.910s] writing requirements to ../../build/skynet/skynet.egg-info/requires.txt
[0.910s] writing top-level names to ../../build/skynet/skynet.egg-info/top_level.txt
[0.910s] writing manifest file '../../build/skynet/skynet.egg-info/SOURCES.txt'
[0.911s] reading manifest file '../../build/skynet/skynet.egg-info/SOURCES.txt'
[0.912s] adding license file 'LICENSE'
[0.912s] writing manifest file '../../build/skynet/skynet.egg-info/SOURCES.txt'
[0.912s] running build
[0.912s] running build_py
[0.912s] creating /home/vanische/Rozen/MEGA/build/skynet/build
[0.912s] creating /home/vanische/Rozen/MEGA/build/skynet/build/lib
[0.912s] creating /home/vanische/Rozen/MEGA/build/skynet/build/lib/skynet
[0.912s] copying skynet/__init__.py -> /home/vanische/Rozen/MEGA/build/skynet/build/lib/skynet
[0.913s] running install
[0.913s] running install_lib
[0.913s] creating /home/vanische/Rozen/MEGA/install/skynet/lib/python3.10/site-packages/skynet
[0.914s] copying /home/vanische/Rozen/MEGA/build/skynet/build/lib/skynet/__init__.py -> /home/vanische/Rozen/MEGA/install/skynet/lib/python3.10/site-packages/skynet
[0.914s] byte-compiling /home/vanische/Rozen/MEGA/install/skynet/lib/python3.10/site-packages/skynet/__init__.py to __init__.cpython-310.pyc
[0.914s] running install_data
[0.915s] creating /home/vanische/Rozen/MEGA/install/skynet/share/ament_index
[0.915s] creating /home/vanische/Rozen/MEGA/install/skynet/share/ament_index/resource_index
[0.915s] creating /home/vanische/Rozen/MEGA/install/skynet/share/ament_index/resource_index/packages
[0.915s] copying resource/skynet -> /home/vanische/Rozen/MEGA/install/skynet/share/ament_index/resource_index/packages
[0.915s] copying package.xml -> /home/vanische/Rozen/MEGA/install/skynet/share/skynet
[0.915s] running install_egg_info
[0.916s] Copying ../../build/skynet/skynet.egg-info to /home/vanische/Rozen/MEGA/install/skynet/lib/python3.10/site-packages/skynet-0.0.0-py3.10.egg-info
[0.917s] running install_scripts
[0.935s] writing list of installed files to '/home/vanische/Rozen/MEGA/build/skynet/install.log'
[0.952s] Invoked command in '/home/vanische/Rozen/MEGA/src/skynet' returned '0': PYTHONPATH=/home/vanische/Rozen/MEGA/build/skynet/prefix_override:/usr/lib/python3/dist-packages/colcon_core/task/python/colcon_distutils_commands:/home/vanische/Rozen/MEGA/install/skynet/lib/python3.10/site-packages:${PYTHONPATH} /usr/bin/python3 -W ignore:setup.py install is deprecated setup.py egg_info --egg-base ../../build/skynet build --build-base /home/vanische/Rozen/MEGA/build/skynet/build install --record /home/vanische/Rozen/MEGA/build/skynet/install.log --single-version-externally-managed install_data
