[0.786s] Invoking command in '/home/vanische/Rozen/MEGA/src/skynet': PYTHONPATH=/home/vanische/Rozen/MEGA/build/skynet/prefix_override:/usr/lib/python3/dist-packages/colcon_core/task/python/colcon_distutils_commands:/home/vanische/Rozen/MEGA/install/skynet/lib/python3.10/site-packages:${PYTHONPATH} /usr/bin/python3 -W ignore:setup.py install is deprecated setup.py egg_info --egg-base ../../build/skynet build --build-base /home/vanische/Rozen/MEGA/build/skynet/build install --record /home/vanische/Rozen/MEGA/build/skynet/install.log --single-version-externally-managed install_data
[0.987s] running egg_info
[0.988s] writing ../../build/skynet/skynet.egg-info/PKG-INFO
[0.988s] writing dependency_links to ../../build/skynet/skynet.egg-info/dependency_links.txt
[0.989s] writing entry points to ../../build/skynet/skynet.egg-info/entry_points.txt
[0.989s] writing requirements to ../../build/skynet/skynet.egg-info/requires.txt
[0.989s] writing top-level names to ../../build/skynet/skynet.egg-info/top_level.txt
[0.990s] reading manifest file '../../build/skynet/skynet.egg-info/SOURCES.txt'
[0.990s] adding license file 'LICENSE'
[0.991s] writing manifest file '../../build/skynet/skynet.egg-info/SOURCES.txt'
[0.991s] running build
[0.991s] running build_py
[0.991s] running install
[0.991s] running install_lib
[0.992s] running install_data
[0.993s] running install_egg_info
[0.994s] removing '/home/vanische/Rozen/MEGA/install/skynet/lib/python3.10/site-packages/skynet-0.0.0-py3.10.egg-info' (and everything under it)
[0.994s] Copying ../../build/skynet/skynet.egg-info to /home/vanische/Rozen/MEGA/install/skynet/lib/python3.10/site-packages/skynet-0.0.0-py3.10.egg-info
[0.995s] running install_scripts
[1.014s] Installing skynet script to /home/vanische/Rozen/MEGA/install/skynet/lib/skynet
[1.015s] writing list of installed files to '/home/vanische/Rozen/MEGA/build/skynet/install.log'
[1.044s] Invoked command in '/home/vanische/Rozen/MEGA/src/skynet' returned '0': PYTHONPATH=/home/vanische/Rozen/MEGA/build/skynet/prefix_override:/usr/lib/python3/dist-packages/colcon_core/task/python/colcon_distutils_commands:/home/vanische/Rozen/MEGA/install/skynet/lib/python3.10/site-packages:${PYTHONPATH} /usr/bin/python3 -W ignore:setup.py install is deprecated setup.py egg_info --egg-base ../../build/skynet build --build-base /home/vanische/Rozen/MEGA/build/skynet/build install --record /home/vanische/Rozen/MEGA/build/skynet/install.log --single-version-externally-managed install_data
