[0.695s] Invoking command in '/home/vanische/Rozen/MEGA/src/mega': PYTHONPATH=/home/vanische/Rozen/MEGA/build/mega/prefix_override:/usr/lib/python3/dist-packages/colcon_core/task/python/colcon_distutils_commands:/home/vanische/Rozen/MEGA/install/mega/lib/python3.10/site-packages:${PYTHONPATH} /usr/bin/python3 -W ignore:setup.py install is deprecated setup.py egg_info --egg-base ../../build/mega build --build-base /home/vanische/Rozen/MEGA/build/mega/build install --record /home/vanische/Rozen/MEGA/build/mega/install.log --single-version-externally-managed install_data
[0.880s] running egg_info
[0.880s] creating ../../build/mega/mega.egg-info
[0.880s] writing ../../build/mega/mega.egg-info/PKG-INFO
[0.881s] writing dependency_links to ../../build/mega/mega.egg-info/dependency_links.txt
[0.881s] writing entry points to ../../build/mega/mega.egg-info/entry_points.txt
[0.881s] writing requirements to ../../build/mega/mega.egg-info/requires.txt
[0.881s] writing top-level names to ../../build/mega/mega.egg-info/top_level.txt
[0.881s] writing manifest file '../../build/mega/mega.egg-info/SOURCES.txt'
[0.882s] reading manifest file '../../build/mega/mega.egg-info/SOURCES.txt'
[0.882s] adding license file 'LICENSE'
[0.883s] writing manifest file '../../build/mega/mega.egg-info/SOURCES.txt'
[0.883s] running build
[0.883s] running build_py
[0.883s] creating /home/vanische/Rozen/MEGA/build/mega/build
[0.883s] creating /home/vanische/Rozen/MEGA/build/mega/build/lib
[0.883s] creating /home/vanische/Rozen/MEGA/build/mega/build/lib/mega
[0.883s] copying mega/__init__.py -> /home/vanische/Rozen/MEGA/build/mega/build/lib/mega
[0.883s] running install
[0.883s] running install_lib
[0.884s] creating /home/vanische/Rozen/MEGA/install/mega/lib/python3.10/site-packages/mega
[0.884s] copying /home/vanische/Rozen/MEGA/build/mega/build/lib/mega/__init__.py -> /home/vanische/Rozen/MEGA/install/mega/lib/python3.10/site-packages/mega
[0.884s] byte-compiling /home/vanische/Rozen/MEGA/install/mega/lib/python3.10/site-packages/mega/__init__.py to __init__.cpython-310.pyc
[0.885s] running install_data
[0.885s] creating /home/vanische/Rozen/MEGA/install/mega/share/ament_index
[0.885s] creating /home/vanische/Rozen/MEGA/install/mega/share/ament_index/resource_index
[0.885s] creating /home/vanische/Rozen/MEGA/install/mega/share/ament_index/resource_index/packages
[0.885s] copying resource/mega -> /home/vanische/Rozen/MEGA/install/mega/share/ament_index/resource_index/packages
[0.885s] copying package.xml -> /home/vanische/Rozen/MEGA/install/mega/share/mega
[0.885s] running install_egg_info
[0.886s] Copying ../../build/mega/mega.egg-info to /home/vanische/Rozen/MEGA/install/mega/lib/python3.10/site-packages/mega-0.0.0-py3.10.egg-info
[0.887s] running install_scripts
[0.905s] writing list of installed files to '/home/vanische/Rozen/MEGA/build/mega/install.log'
[0.925s] Invoked command in '/home/vanische/Rozen/MEGA/src/mega' returned '0': PYTHONPATH=/home/vanische/Rozen/MEGA/build/mega/prefix_override:/usr/lib/python3/dist-packages/colcon_core/task/python/colcon_distutils_commands:/home/vanische/Rozen/MEGA/install/mega/lib/python3.10/site-packages:${PYTHONPATH} /usr/bin/python3 -W ignore:setup.py install is deprecated setup.py egg_info --egg-base ../../build/mega build --build-base /home/vanische/Rozen/MEGA/build/mega/build install --record /home/vanische/Rozen/MEGA/build/mega/install.log --single-version-externally-managed install_data
