[0.118s] DEBUG:colcon:Command line arguments: ['/usr/bin/colcon', 'build']
[0.118s] DEBUG:colcon:Parsed command line arguments: Namespace(log_base=None, log_level=None, verb_name='build', build_base='build', install_base='install', merge_install=False, symlink_install=False, test_result_base=None, continue_on_error=False, executor='parallel', parallel_workers=12, event_handlers=None, ignore_user_meta=False, metas=['./colcon.meta'], base_paths=['.'], packages_ignore=None, packages_ignore_regex=None, paths=None, packages_up_to=None, packages_up_to_regex=None, packages_above=None, packages_above_and_dependencies=None, packages_above_depth=None, packages_select_by_dep=None, packages_skip_by_dep=None, packages_skip_up_to=None, packages_select_build_failed=False, packages_skip_build_finished=False, packages_select_test_failures=False, packages_skip_test_passed=False, packages_select=None, packages_skip=None, packages_select_regex=None, packages_skip_regex=None, packages_start=None, packages_end=None, allow_overriding=[], cmake_args=None, cmake_target=None, cmake_target_skip_unavailable=False, cmake_clean_cache=False, cmake_clean_first=False, cmake_force_configure=False, ament_cmake_args=None, catkin_cmake_args=None, catkin_skip_building_tests=False, verb_parser=<colcon_defaults.argument_parser.defaults.DefaultArgumentsDecorator object at 0x791f409ac160>, verb_extension=<colcon_core.verb.build.BuildVerb object at 0x791f40a9cd90>, main=<bound method BuildVerb.main of <colcon_core.verb.build.BuildVerb object at 0x791f40a9cd90>>)
[0.314s] Level 1:colcon.colcon_core.package_discovery:discover_packages(colcon_meta) check parameters
[0.314s] Level 1:colcon.colcon_core.package_discovery:discover_packages(recursive) check parameters
[0.314s] Level 1:colcon.colcon_core.package_discovery:discover_packages(ignore) check parameters
[0.314s] Level 1:colcon.colcon_core.package_discovery:discover_packages(path) check parameters
[0.314s] Level 1:colcon.colcon_core.package_discovery:discover_packages(colcon_meta) discover
[0.314s] Level 1:colcon.colcon_core.package_discovery:discover_packages(recursive) discover
[0.314s] INFO:colcon.colcon_core.package_discovery:Crawling recursively for packages in '/home/vanische/Rozen/MEGA'
[0.314s] Level 1:colcon.colcon_core.package_identification:_identify(.) by extensions ['ignore', 'ignore_ament_install']
[0.314s] Level 1:colcon.colcon_core.package_identification:_identify(.) by extension 'ignore'
[0.314s] Level 1:colcon.colcon_core.package_identification:_identify(.) by extension 'ignore_ament_install'
[0.315s] Level 1:colcon.colcon_core.package_identification:_identify(.) by extensions ['colcon_pkg']
[0.315s] Level 1:colcon.colcon_core.package_identification:_identify(.) by extension 'colcon_pkg'
[0.315s] Level 1:colcon.colcon_core.package_identification:_identify(.) by extensions ['colcon_meta']
[0.315s] Level 1:colcon.colcon_core.package_identification:_identify(.) by extension 'colcon_meta'
[0.315s] Level 1:colcon.colcon_core.package_identification:_identify(.) by extensions ['ros']
[0.315s] Level 1:colcon.colcon_core.package_identification:_identify(.) by extension 'ros'
[0.326s] Level 1:colcon.colcon_core.package_identification:_identify(.) by extensions ['cmake', 'python']
[0.326s] Level 1:colcon.colcon_core.package_identification:_identify(.) by extension 'cmake'
[0.326s] Level 1:colcon.colcon_core.package_identification:_identify(.) by extension 'python'
[0.326s] Level 1:colcon.colcon_core.package_identification:_identify(.) by extensions ['python_setup_py']
[0.326s] Level 1:colcon.colcon_core.package_identification:_identify(.) by extension 'python_setup_py'
[0.326s] Level 1:colcon.colcon_core.package_identification:_identify(build) by extensions ['ignore', 'ignore_ament_install']
[0.326s] Level 1:colcon.colcon_core.package_identification:_identify(build) by extension 'ignore'
[0.326s] Level 1:colcon.colcon_core.package_identification:_identify(build) ignored
[0.326s] Level 1:colcon.colcon_core.package_identification:_identify(install) by extensions ['ignore', 'ignore_ament_install']
[0.326s] Level 1:colcon.colcon_core.package_identification:_identify(install) by extension 'ignore'
[0.327s] Level 1:colcon.colcon_core.package_identification:_identify(install) ignored
[0.327s] Level 1:colcon.colcon_core.package_identification:_identify(log) by extensions ['ignore', 'ignore_ament_install']
[0.327s] Level 1:colcon.colcon_core.package_identification:_identify(log) by extension 'ignore'
[0.327s] Level 1:colcon.colcon_core.package_identification:_identify(log) ignored
[0.327s] Level 1:colcon.colcon_core.package_identification:_identify(src) by extensions ['ignore', 'ignore_ament_install']
[0.327s] Level 1:colcon.colcon_core.package_identification:_identify(src) by extension 'ignore'
[0.327s] Level 1:colcon.colcon_core.package_identification:_identify(src) by extension 'ignore_ament_install'
[0.327s] Level 1:colcon.colcon_core.package_identification:_identify(src) by extensions ['colcon_pkg']
[0.327s] Level 1:colcon.colcon_core.package_identification:_identify(src) by extension 'colcon_pkg'
[0.327s] Level 1:colcon.colcon_core.package_identification:_identify(src) by extensions ['colcon_meta']
[0.327s] Level 1:colcon.colcon_core.package_identification:_identify(src) by extension 'colcon_meta'
[0.327s] Level 1:colcon.colcon_core.package_identification:_identify(src) by extensions ['ros']
[0.327s] Level 1:colcon.colcon_core.package_identification:_identify(src) by extension 'ros'
[0.327s] Level 1:colcon.colcon_core.package_identification:_identify(src) by extensions ['cmake', 'python']
[0.327s] Level 1:colcon.colcon_core.package_identification:_identify(src) by extension 'cmake'
[0.327s] Level 1:colcon.colcon_core.package_identification:_identify(src) by extension 'python'
[0.327s] Level 1:colcon.colcon_core.package_identification:_identify(src) by extensions ['python_setup_py']
[0.328s] Level 1:colcon.colcon_core.package_identification:_identify(src) by extension 'python_setup_py'
[0.328s] Level 1:colcon.colcon_core.package_identification:_identify(src/arduino) by extensions ['ignore', 'ignore_ament_install']
[0.328s] Level 1:colcon.colcon_core.package_identification:_identify(src/arduino) by extension 'ignore'
[0.328s] Level 1:colcon.colcon_core.package_identification:_identify(src/arduino) by extension 'ignore_ament_install'
[0.328s] Level 1:colcon.colcon_core.package_identification:_identify(src/arduino) by extensions ['colcon_pkg']
[0.328s] Level 1:colcon.colcon_core.package_identification:_identify(src/arduino) by extension 'colcon_pkg'
[0.328s] Level 1:colcon.colcon_core.package_identification:_identify(src/arduino) by extensions ['colcon_meta']
[0.328s] Level 1:colcon.colcon_core.package_identification:_identify(src/arduino) by extension 'colcon_meta'
[0.328s] Level 1:colcon.colcon_core.package_identification:_identify(src/arduino) by extensions ['ros']
[0.328s] Level 1:colcon.colcon_core.package_identification:_identify(src/arduino) by extension 'ros'
[0.328s] Level 1:colcon.colcon_core.package_identification:_identify(src/arduino) by extensions ['cmake', 'python']
[0.328s] Level 1:colcon.colcon_core.package_identification:_identify(src/arduino) by extension 'cmake'
[0.328s] Level 1:colcon.colcon_core.package_identification:_identify(src/arduino) by extension 'python'
[0.328s] Level 1:colcon.colcon_core.package_identification:_identify(src/arduino) by extensions ['python_setup_py']
[0.328s] Level 1:colcon.colcon_core.package_identification:_identify(src/arduino) by extension 'python_setup_py'
[0.328s] Level 1:colcon.colcon_core.package_identification:_identify(src/mega) by extensions ['ignore', 'ignore_ament_install']
[0.328s] Level 1:colcon.colcon_core.package_identification:_identify(src/mega) by extension 'ignore'
[0.328s] Level 1:colcon.colcon_core.package_identification:_identify(src/mega) by extension 'ignore_ament_install'
[0.328s] Level 1:colcon.colcon_core.package_identification:_identify(src/mega) by extensions ['colcon_pkg']
[0.329s] Level 1:colcon.colcon_core.package_identification:_identify(src/mega) by extension 'colcon_pkg'
[0.329s] Level 1:colcon.colcon_core.package_identification:_identify(src/mega) by extensions ['colcon_meta']
[0.329s] Level 1:colcon.colcon_core.package_identification:_identify(src/mega) by extension 'colcon_meta'
[0.329s] Level 1:colcon.colcon_core.package_identification:_identify(src/mega) by extensions ['ros']
[0.329s] Level 1:colcon.colcon_core.package_identification:_identify(src/mega) by extension 'ros'
[0.331s] DEBUG:colcon.colcon_core.package_identification:Package 'src/mega' with type 'ros.ament_python' and name 'mega'
[0.332s] Level 1:colcon.colcon_core.package_identification:_identify(src/skynet) by extensions ['ignore', 'ignore_ament_install']
[0.332s] Level 1:colcon.colcon_core.package_identification:_identify(src/skynet) by extension 'ignore'
[0.332s] Level 1:colcon.colcon_core.package_identification:_identify(src/skynet) by extension 'ignore_ament_install'
[0.332s] Level 1:colcon.colcon_core.package_identification:_identify(src/skynet) by extensions ['colcon_pkg']
[0.332s] Level 1:colcon.colcon_core.package_identification:_identify(src/skynet) by extension 'colcon_pkg'
[0.332s] Level 1:colcon.colcon_core.package_identification:_identify(src/skynet) by extensions ['colcon_meta']
[0.332s] Level 1:colcon.colcon_core.package_identification:_identify(src/skynet) by extension 'colcon_meta'
[0.332s] Level 1:colcon.colcon_core.package_identification:_identify(src/skynet) by extensions ['ros']
[0.332s] Level 1:colcon.colcon_core.package_identification:_identify(src/skynet) by extension 'ros'
[0.333s] DEBUG:colcon.colcon_core.package_identification:Package 'src/skynet' with type 'ros.ament_python' and name 'skynet'
[0.333s] Level 1:colcon.colcon_core.package_discovery:discover_packages(recursive) using defaults
[0.333s] Level 1:colcon.colcon_core.package_discovery:discover_packages(ignore) discover
[0.333s] Level 1:colcon.colcon_core.package_discovery:discover_packages(ignore) using defaults
[0.333s] Level 1:colcon.colcon_core.package_discovery:discover_packages(path) discover
[0.334s] Level 1:colcon.colcon_core.package_discovery:discover_packages(path) using defaults
[0.356s] Level 1:colcon.colcon_core.package_discovery:discover_packages(prefix_path) check parameters
[0.356s] Level 1:colcon.colcon_core.package_discovery:discover_packages(prefix_path) discover
[0.357s] DEBUG:colcon.colcon_installed_package_information.package_discovery:Found 2 installed packages in /home/vanische/Rozen/MEGA/install
[0.359s] DEBUG:colcon.colcon_installed_package_information.package_discovery:Found 270 installed packages in /opt/ros/humble
[0.360s] Level 1:colcon.colcon_core.package_discovery:discover_packages(prefix_path) using defaults
[0.401s] Level 5:colcon.colcon_core.verb:set package 'mega' build argument 'cmake_args' from command line to 'None'
[0.401s] Level 5:colcon.colcon_core.verb:set package 'mega' build argument 'cmake_target' from command line to 'None'
[0.401s] Level 5:colcon.colcon_core.verb:set package 'mega' build argument 'cmake_target_skip_unavailable' from command line to 'False'
[0.401s] Level 5:colcon.colcon_core.verb:set package 'mega' build argument 'cmake_clean_cache' from command line to 'False'
[0.401s] Level 5:colcon.colcon_core.verb:set package 'mega' build argument 'cmake_clean_first' from command line to 'False'
[0.402s] Level 5:colcon.colcon_core.verb:set package 'mega' build argument 'cmake_force_configure' from command line to 'False'
[0.402s] Level 5:colcon.colcon_core.verb:set package 'mega' build argument 'ament_cmake_args' from command line to 'None'
[0.402s] Level 5:colcon.colcon_core.verb:set package 'mega' build argument 'catkin_cmake_args' from command line to 'None'
[0.402s] Level 5:colcon.colcon_core.verb:set package 'mega' build argument 'catkin_skip_building_tests' from command line to 'False'
[0.402s] DEBUG:colcon.colcon_core.verb:Building package 'mega' with the following arguments: {'ament_cmake_args': None, 'build_base': '/home/vanische/Rozen/MEGA/build/mega', 'catkin_cmake_args': None, 'catkin_skip_building_tests': False, 'cmake_args': None, 'cmake_clean_cache': False, 'cmake_clean_first': False, 'cmake_force_configure': False, 'cmake_target': None, 'cmake_target_skip_unavailable': False, 'install_base': '/home/vanische/Rozen/MEGA/install/mega', 'merge_install': False, 'path': '/home/vanische/Rozen/MEGA/src/mega', 'symlink_install': False, 'test_result_base': None}
[0.402s] Level 5:colcon.colcon_core.verb:set package 'skynet' build argument 'cmake_args' from command line to 'None'
[0.402s] Level 5:colcon.colcon_core.verb:set package 'skynet' build argument 'cmake_target' from command line to 'None'
[0.402s] Level 5:colcon.colcon_core.verb:set package 'skynet' build argument 'cmake_target_skip_unavailable' from command line to 'False'
[0.402s] Level 5:colcon.colcon_core.verb:set package 'skynet' build argument 'cmake_clean_cache' from command line to 'False'
[0.402s] Level 5:colcon.colcon_core.verb:set package 'skynet' build argument 'cmake_clean_first' from command line to 'False'
[0.402s] Level 5:colcon.colcon_core.verb:set package 'skynet' build argument 'cmake_force_configure' from command line to 'False'
[0.402s] Level 5:colcon.colcon_core.verb:set package 'skynet' build argument 'ament_cmake_args' from command line to 'None'
[0.402s] Level 5:colcon.colcon_core.verb:set package 'skynet' build argument 'catkin_cmake_args' from command line to 'None'
[0.402s] Level 5:colcon.colcon_core.verb:set package 'skynet' build argument 'catkin_skip_building_tests' from command line to 'False'
[0.402s] DEBUG:colcon.colcon_core.verb:Building package 'skynet' with the following arguments: {'ament_cmake_args': None, 'build_base': '/home/vanische/Rozen/MEGA/build/skynet', 'catkin_cmake_args': None, 'catkin_skip_building_tests': False, 'cmake_args': None, 'cmake_clean_cache': False, 'cmake_clean_first': False, 'cmake_force_configure': False, 'cmake_target': None, 'cmake_target_skip_unavailable': False, 'install_base': '/home/vanische/Rozen/MEGA/install/skynet', 'merge_install': False, 'path': '/home/vanische/Rozen/MEGA/src/skynet', 'symlink_install': False, 'test_result_base': None}
[0.402s] INFO:colcon.colcon_core.executor:Executing jobs using 'parallel' executor
[0.403s] DEBUG:colcon.colcon_parallel_executor.executor.parallel:run_until_complete
[0.404s] INFO:colcon.colcon_ros.task.ament_python.build:Building ROS package in '/home/vanische/Rozen/MEGA/src/mega' with build type 'ament_python'
[0.404s] Level 1:colcon.colcon_core.shell:create_environment_hook('mega', 'ament_prefix_path')
[0.406s] INFO:colcon.colcon_core.plugin_system:Skipping extension 'colcon_core.shell.bat': Not used on non-Windows systems
[0.407s] INFO:colcon.colcon_core.shell:Creating environment hook '/home/vanische/Rozen/MEGA/install/mega/share/mega/hook/ament_prefix_path.ps1'
[0.408s] INFO:colcon.colcon_core.shell:Creating environment descriptor '/home/vanische/Rozen/MEGA/install/mega/share/mega/hook/ament_prefix_path.dsv'
[0.408s] INFO:colcon.colcon_core.shell:Creating environment hook '/home/vanische/Rozen/MEGA/install/mega/share/mega/hook/ament_prefix_path.sh'
[0.409s] INFO:colcon.colcon_core.shell:Skip shell extension 'powershell' for command environment: Not usable outside of PowerShell
[0.409s] DEBUG:colcon.colcon_core.shell:Skip shell extension 'dsv' for command environment
[0.421s] INFO:colcon.colcon_ros.task.ament_python.build:Building ROS package in '/home/vanische/Rozen/MEGA/src/skynet' with build type 'ament_python'
[0.421s] Level 1:colcon.colcon_core.shell:create_environment_hook('skynet', 'ament_prefix_path')
[0.422s] INFO:colcon.colcon_core.shell:Creating environment hook '/home/vanische/Rozen/MEGA/install/skynet/share/skynet/hook/ament_prefix_path.ps1'
[0.422s] INFO:colcon.colcon_core.shell:Creating environment descriptor '/home/vanische/Rozen/MEGA/install/skynet/share/skynet/hook/ament_prefix_path.dsv'
[0.423s] INFO:colcon.colcon_core.shell:Creating environment hook '/home/vanische/Rozen/MEGA/install/skynet/share/skynet/hook/ament_prefix_path.sh'
[0.424s] INFO:colcon.colcon_core.shell:Skip shell extension 'powershell' for command environment: Not usable outside of PowerShell
[0.424s] DEBUG:colcon.colcon_core.shell:Skip shell extension 'dsv' for command environment
[0.675s] INFO:colcon.colcon_core.task.python.build:Building Python package in '/home/vanische/Rozen/MEGA/src/mega'
[0.675s] INFO:colcon.colcon_core.shell:Skip shell extension 'powershell' for command environment: Not usable outside of PowerShell
[0.675s] DEBUG:colcon.colcon_core.shell:Skip shell extension 'dsv' for command environment
[0.924s] INFO:colcon.colcon_core.task.python.build:Building Python package in '/home/vanische/Rozen/MEGA/src/skynet'
[0.924s] INFO:colcon.colcon_core.shell:Skip shell extension 'powershell' for command environment: Not usable outside of PowerShell
[0.924s] DEBUG:colcon.colcon_core.shell:Skip shell extension 'dsv' for command environment
[1.225s] DEBUG:colcon.colcon_core.event_handler.log_command:Invoking command in '/home/vanische/Rozen/MEGA/src/mega': PYTHONPATH=/home/vanische/Rozen/MEGA/build/mega/prefix_override:/usr/lib/python3/dist-packages/colcon_core/task/python/colcon_distutils_commands:/home/vanische/Rozen/MEGA/install/mega/lib/python3.10/site-packages:${PYTHONPATH} /usr/bin/python3 -W ignore:setup.py install is deprecated setup.py egg_info --egg-base ../../build/mega build --build-base /home/vanische/Rozen/MEGA/build/mega/build install --record /home/vanische/Rozen/MEGA/build/mega/install.log --single-version-externally-managed install_data
[1.245s] DEBUG:colcon.colcon_core.event_handler.log_command:Invoking command in '/home/vanische/Rozen/MEGA/src/skynet': PYTHONPATH=/home/vanische/Rozen/MEGA/build/skynet/prefix_override:/usr/lib/python3/dist-packages/colcon_core/task/python/colcon_distutils_commands:/home/vanische/Rozen/MEGA/install/skynet/lib/python3.10/site-packages:${PYTHONPATH} /usr/bin/python3 -W ignore:setup.py install is deprecated setup.py egg_info --egg-base ../../build/skynet build --build-base /home/vanische/Rozen/MEGA/build/skynet/build install --record /home/vanische/Rozen/MEGA/build/skynet/install.log --single-version-externally-managed install_data
[1.487s] DEBUG:colcon.colcon_core.event_handler.log_command:Invoked command in '/home/vanische/Rozen/MEGA/src/mega' returned '0': PYTHONPATH=/home/vanische/Rozen/MEGA/build/mega/prefix_override:/usr/lib/python3/dist-packages/colcon_core/task/python/colcon_distutils_commands:/home/vanische/Rozen/MEGA/install/mega/lib/python3.10/site-packages:${PYTHONPATH} /usr/bin/python3 -W ignore:setup.py install is deprecated setup.py egg_info --egg-base ../../build/mega build --build-base /home/vanische/Rozen/MEGA/build/mega/build install --record /home/vanische/Rozen/MEGA/build/mega/install.log --single-version-externally-managed install_data
[1.489s] Level 1:colcon.colcon_core.environment:checking '/home/vanische/Rozen/MEGA/install/mega' for CMake module files
[1.490s] Level 1:colcon.colcon_core.environment:checking '/home/vanische/Rozen/MEGA/install/mega' for CMake config files
[1.491s] Level 1:colcon.colcon_core.environment:checking '/home/vanische/Rozen/MEGA/install/mega/lib'
[1.491s] Level 1:colcon.colcon_core.environment:checking '/home/vanische/Rozen/MEGA/install/mega/bin'
[1.491s] Level 1:colcon.colcon_core.environment:checking '/home/vanische/Rozen/MEGA/install/mega/lib/pkgconfig/mega.pc'
[1.491s] Level 1:colcon.colcon_core.environment:checking '/home/vanische/Rozen/MEGA/install/mega/lib/python3.10/site-packages'
[1.491s] Level 1:colcon.colcon_core.shell:create_environment_hook('mega', 'pythonpath')
[1.491s] INFO:colcon.colcon_core.shell:Creating environment hook '/home/vanische/Rozen/MEGA/install/mega/share/mega/hook/pythonpath.ps1'
[1.492s] INFO:colcon.colcon_core.shell:Creating environment descriptor '/home/vanische/Rozen/MEGA/install/mega/share/mega/hook/pythonpath.dsv'
[1.492s] INFO:colcon.colcon_core.shell:Creating environment hook '/home/vanische/Rozen/MEGA/install/mega/share/mega/hook/pythonpath.sh'
[1.493s] Level 1:colcon.colcon_core.environment:checking '/home/vanische/Rozen/MEGA/install/mega/bin'
[1.493s] Level 1:colcon.colcon_core.environment:create_environment_scripts_only(mega)
[1.493s] INFO:colcon.colcon_core.shell:Creating package script '/home/vanische/Rozen/MEGA/install/mega/share/mega/package.ps1'
[1.494s] INFO:colcon.colcon_core.shell:Creating package descriptor '/home/vanische/Rozen/MEGA/install/mega/share/mega/package.dsv'
[1.494s] INFO:colcon.colcon_core.shell:Creating package script '/home/vanische/Rozen/MEGA/install/mega/share/mega/package.sh'
[1.495s] INFO:colcon.colcon_core.shell:Creating package script '/home/vanische/Rozen/MEGA/install/mega/share/mega/package.bash'
[1.496s] INFO:colcon.colcon_core.shell:Creating package script '/home/vanische/Rozen/MEGA/install/mega/share/mega/package.zsh'
[1.496s] Level 1:colcon.colcon_core.environment:create_file_with_runtime_dependencies(/home/vanische/Rozen/MEGA/install/mega/share/colcon-core/packages/mega)
[1.507s] Level 1:colcon.colcon_core.environment:checking '/home/vanische/Rozen/MEGA/install/skynet' for CMake module files
[1.507s] DEBUG:colcon.colcon_core.event_handler.log_command:Invoked command in '/home/vanische/Rozen/MEGA/src/skynet' returned '0': PYTHONPATH=/home/vanische/Rozen/MEGA/build/skynet/prefix_override:/usr/lib/python3/dist-packages/colcon_core/task/python/colcon_distutils_commands:/home/vanische/Rozen/MEGA/install/skynet/lib/python3.10/site-packages:${PYTHONPATH} /usr/bin/python3 -W ignore:setup.py install is deprecated setup.py egg_info --egg-base ../../build/skynet build --build-base /home/vanische/Rozen/MEGA/build/skynet/build install --record /home/vanische/Rozen/MEGA/build/skynet/install.log --single-version-externally-managed install_data
[1.508s] Level 1:colcon.colcon_core.environment:checking '/home/vanische/Rozen/MEGA/install/skynet' for CMake config files
[1.508s] Level 1:colcon.colcon_core.environment:checking '/home/vanische/Rozen/MEGA/install/skynet/lib'
[1.508s] Level 1:colcon.colcon_core.environment:checking '/home/vanische/Rozen/MEGA/install/skynet/bin'
[1.508s] Level 1:colcon.colcon_core.environment:checking '/home/vanische/Rozen/MEGA/install/skynet/lib/pkgconfig/skynet.pc'
[1.509s] Level 1:colcon.colcon_core.environment:checking '/home/vanische/Rozen/MEGA/install/skynet/lib/python3.10/site-packages'
[1.509s] Level 1:colcon.colcon_core.shell:create_environment_hook('skynet', 'pythonpath')
[1.509s] INFO:colcon.colcon_core.shell:Creating environment hook '/home/vanische/Rozen/MEGA/install/skynet/share/skynet/hook/pythonpath.ps1'
[1.509s] INFO:colcon.colcon_core.shell:Creating environment descriptor '/home/vanische/Rozen/MEGA/install/skynet/share/skynet/hook/pythonpath.dsv'
[1.510s] INFO:colcon.colcon_core.shell:Creating environment hook '/home/vanische/Rozen/MEGA/install/skynet/share/skynet/hook/pythonpath.sh'
[1.510s] Level 1:colcon.colcon_core.environment:checking '/home/vanische/Rozen/MEGA/install/skynet/bin'
[1.510s] Level 1:colcon.colcon_core.environment:create_environment_scripts_only(skynet)
[1.510s] INFO:colcon.colcon_core.shell:Creating package script '/home/vanische/Rozen/MEGA/install/skynet/share/skynet/package.ps1'
[1.511s] INFO:colcon.colcon_core.shell:Creating package descriptor '/home/vanische/Rozen/MEGA/install/skynet/share/skynet/package.dsv'
[1.511s] INFO:colcon.colcon_core.shell:Creating package script '/home/vanische/Rozen/MEGA/install/skynet/share/skynet/package.sh'
[1.511s] INFO:colcon.colcon_core.shell:Creating package script '/home/vanische/Rozen/MEGA/install/skynet/share/skynet/package.bash'
[1.512s] INFO:colcon.colcon_core.shell:Creating package script '/home/vanische/Rozen/MEGA/install/skynet/share/skynet/package.zsh'
[1.512s] Level 1:colcon.colcon_core.environment:create_file_with_runtime_dependencies(/home/vanische/Rozen/MEGA/install/skynet/share/colcon-core/packages/skynet)
[1.512s] DEBUG:colcon.colcon_parallel_executor.executor.parallel:closing loop
[1.512s] DEBUG:colcon.colcon_parallel_executor.executor.parallel:loop closed
[1.512s] DEBUG:colcon.colcon_parallel_executor.executor.parallel:run_until_complete finished with '0'
[1.513s] DEBUG:colcon.colcon_core.event_reactor:joining thread
[1.519s] INFO:colcon.colcon_core.plugin_system:Skipping extension 'colcon_notification.desktop_notification.notify_send': Could not find 'notify-send'
[1.519s] INFO:colcon.colcon_core.plugin_system:Skipping extension 'colcon_notification.desktop_notification.terminal_notifier': Not used on non-Darwin systems
[1.519s] INFO:colcon.colcon_core.plugin_system:Skipping extension 'colcon_notification.desktop_notification.win32': Not used on non-Windows systems
[1.519s] INFO:colcon.colcon_notification.desktop_notification:Sending desktop notification using 'notify2'
[1.530s] DEBUG:colcon.colcon_core.event_reactor:joined thread
[1.530s] INFO:colcon.colcon_core.shell:Creating prefix script '/home/vanische/Rozen/MEGA/install/local_setup.ps1'
[1.531s] INFO:colcon.colcon_core.shell:Creating prefix util module '/home/vanische/Rozen/MEGA/install/_local_setup_util_ps1.py'
[1.532s] INFO:colcon.colcon_core.shell:Creating prefix chain script '/home/vanische/Rozen/MEGA/install/setup.ps1'
[1.533s] INFO:colcon.colcon_core.shell:Creating prefix script '/home/vanische/Rozen/MEGA/install/local_setup.sh'
[1.534s] INFO:colcon.colcon_core.shell:Creating prefix util module '/home/vanische/Rozen/MEGA/install/_local_setup_util_sh.py'
[1.534s] INFO:colcon.colcon_core.shell:Creating prefix chain script '/home/vanische/Rozen/MEGA/install/setup.sh'
[1.536s] INFO:colcon.colcon_core.shell:Creating prefix script '/home/vanische/Rozen/MEGA/install/local_setup.bash'
[1.536s] INFO:colcon.colcon_core.shell:Creating prefix chain script '/home/vanische/Rozen/MEGA/install/setup.bash'
[1.537s] INFO:colcon.colcon_core.shell:Creating prefix script '/home/vanische/Rozen/MEGA/install/local_setup.zsh'
[1.537s] INFO:colcon.colcon_core.shell:Creating prefix chain script '/home/vanische/Rozen/MEGA/install/setup.zsh'
