[0.801s] Invoking command in '/home/vanische/Rozen/MEGA/src/mega': PYTHONPATH=/home/vanische/Rozen/MEGA/build/mega/prefix_override:/usr/lib/python3/dist-packages/colcon_core/task/python/colcon_distutils_commands:/home/vanische/Rozen/MEGA/install/mega/lib/python3.10/site-packages:${PYTHONPATH} /usr/bin/python3 -W ignore:setup.py install is deprecated setup.py egg_info --egg-base ../../build/mega build --build-base /home/vanische/Rozen/MEGA/build/mega/build install --record /home/vanische/Rozen/MEGA/build/mega/install.log --single-version-externally-managed install_data
[1.031s] running egg_info
[1.032s] writing ../../build/mega/mega.egg-info/PKG-INFO
[1.032s] writing dependency_links to ../../build/mega/mega.egg-info/dependency_links.txt
[1.033s] writing entry points to ../../build/mega/mega.egg-info/entry_points.txt
[1.033s] writing requirements to ../../build/mega/mega.egg-info/requires.txt
[1.033s] writing top-level names to ../../build/mega/mega.egg-info/top_level.txt
[1.035s] reading manifest file '../../build/mega/mega.egg-info/SOURCES.txt'
[1.035s] adding license file 'LICENSE'
[1.036s] writing manifest file '../../build/mega/mega.egg-info/SOURCES.txt'
[1.036s] running build
[1.036s] running build_py
[1.037s] running install
[1.038s] running install_lib
[1.039s] running install_data
[1.040s] running install_egg_info
[1.041s] removing '/home/vanische/Rozen/MEGA/install/mega/lib/python3.10/site-packages/mega-0.0.0-py3.10.egg-info' (and everything under it)
[1.041s] Copying ../../build/mega/mega.egg-info to /home/vanische/Rozen/MEGA/install/mega/lib/python3.10/site-packages/mega-0.0.0-py3.10.egg-info
[1.043s] running install_scripts
[1.063s] Installing bottom_camera script to /home/vanische/Rozen/MEGA/install/mega/lib/mega
[1.063s] Installing serial_comm script to /home/vanische/Rozen/MEGA/install/mega/lib/mega
[1.063s] Installing state_machine script to /home/vanische/Rozen/MEGA/install/mega/lib/mega
[1.063s] Installing stereo_camera script to /home/vanische/Rozen/MEGA/install/mega/lib/mega
[1.063s] writing list of installed files to '/home/vanische/Rozen/MEGA/build/mega/install.log'
[1.082s] Invoked command in '/home/vanische/Rozen/MEGA/src/mega' returned '0': PYTHONPATH=/home/vanische/Rozen/MEGA/build/mega/prefix_override:/usr/lib/python3/dist-packages/colcon_core/task/python/colcon_distutils_commands:/home/vanische/Rozen/MEGA/install/mega/lib/python3.10/site-packages:${PYTHONPATH} /usr/bin/python3 -W ignore:setup.py install is deprecated setup.py egg_info --egg-base ../../build/mega build --build-base /home/vanische/Rozen/MEGA/build/mega/build install --record /home/vanische/Rozen/MEGA/build/mega/install.log --single-version-externally-managed install_data
