running egg_info
writing ../../build/skynet/skynet.egg-info/PKG-INFO
writing dependency_links to ../../build/skynet/skynet.egg-info/dependency_links.txt
writing entry points to ../../build/skynet/skynet.egg-info/entry_points.txt
writing requirements to ../../build/skynet/skynet.egg-info/requires.txt
writing top-level names to ../../build/skynet/skynet.egg-info/top_level.txt
reading manifest file '../../build/skynet/skynet.egg-info/SOURCES.txt'
adding license file 'LICENSE'
writing manifest file '../../build/skynet/skynet.egg-info/SOURCES.txt'
running build
running build_py
copying skynet/daemon.py -> /home/vanische/Rozen/MEGA/build/skynet/build/lib/skynet
creating /home/vanische/Rozen/MEGA/build/skynet/build/lib/skynet/submodules
copying skynet/submodules/__init__.py -> /home/vanische/Rozen/MEGA/build/skynet/build/lib/skynet/submodules
copying skynet/submodules/FPS.py -> /home/vanische/Rozen/MEGA/build/skynet/build/lib/skynet/submodules
copying skynet/submodules/SkyNetAPI.py -> /home/vanische/Rozen/MEGA/build/skynet/build/lib/skynet/submodules
running install
running install_lib
copying /home/vanische/Rozen/MEGA/build/skynet/build/lib/skynet/daemon.py -> /home/vanische/Rozen/MEGA/install/skynet/lib/python3.10/site-packages/skynet
creating /home/vanische/Rozen/MEGA/install/skynet/lib/python3.10/site-packages/skynet/submodules
copying /home/vanische/Rozen/MEGA/build/skynet/build/lib/skynet/submodules/__init__.py -> /home/vanische/Rozen/MEGA/install/skynet/lib/python3.10/site-packages/skynet/submodules
copying /home/vanische/Rozen/MEGA/build/skynet/build/lib/skynet/submodules/FPS.py -> /home/vanische/Rozen/MEGA/install/skynet/lib/python3.10/site-packages/skynet/submodules
copying /home/vanische/Rozen/MEGA/build/skynet/build/lib/skynet/submodules/SkyNetAPI.py -> /home/vanische/Rozen/MEGA/install/skynet/lib/python3.10/site-packages/skynet/submodules
byte-compiling /home/vanische/Rozen/MEGA/install/skynet/lib/python3.10/site-packages/skynet/daemon.py to daemon.cpython-310.pyc
byte-compiling /home/vanische/Rozen/MEGA/install/skynet/lib/python3.10/site-packages/skynet/submodules/__init__.py to __init__.cpython-310.pyc
byte-compiling /home/vanische/Rozen/MEGA/install/skynet/lib/python3.10/site-packages/skynet/submodules/FPS.py to FPS.cpython-310.pyc
byte-compiling /home/vanische/Rozen/MEGA/install/skynet/lib/python3.10/site-packages/skynet/submodules/SkyNetAPI.py to SkyNetAPI.cpython-310.pyc
running install_data
running install_egg_info
removing '/home/vanische/Rozen/MEGA/install/skynet/lib/python3.10/site-packages/skynet-0.0.0-py3.10.egg-info' (and everything under it)
Copying ../../build/skynet/skynet.egg-info to /home/vanische/Rozen/MEGA/install/skynet/lib/python3.10/site-packages/skynet-0.0.0-py3.10.egg-info
running install_scripts
Installing skynet script to /home/vanische/Rozen/MEGA/install/skynet/lib/skynet
writing list of installed files to '/home/vanische/Rozen/MEGA/build/skynet/install.log'
