[0.710s] Invoking command in '/home/vanische/Rozen/MEGA/src/skynet': PYTHONPATH=/home/vanische/Rozen/MEGA/build/skynet/prefix_override:/usr/lib/python3/dist-packages/colcon_core/task/python/colcon_distutils_commands:/home/vanische/Rozen/MEGA/install/skynet/lib/python3.10/site-packages:${PYTHONPATH} /usr/bin/python3 -W ignore:setup.py install is deprecated setup.py egg_info --egg-base ../../build/skynet build --build-base /home/vanische/Rozen/MEGA/build/skynet/build install --record /home/vanische/Rozen/MEGA/build/skynet/install.log --single-version-externally-managed install_data
[0.900s] running egg_info
[0.900s] writing ../../build/skynet/skynet.egg-info/PKG-INFO
[0.900s] writing dependency_links to ../../build/skynet/skynet.egg-info/dependency_links.txt
[0.901s] writing entry points to ../../build/skynet/skynet.egg-info/entry_points.txt
[0.901s] writing requirements to ../../build/skynet/skynet.egg-info/requires.txt
[0.901s] writing top-level names to ../../build/skynet/skynet.egg-info/top_level.txt
[0.902s] reading manifest file '../../build/skynet/skynet.egg-info/SOURCES.txt'
[0.902s] adding license file 'LICENSE'
[0.903s] writing manifest file '../../build/skynet/skynet.egg-info/SOURCES.txt'
[0.903s] running build
[0.903s] running build_py
[0.904s] copying skynet/daemon.py -> /home/vanische/Rozen/MEGA/build/skynet/build/lib/skynet
[0.909s] creating /home/vanische/Rozen/MEGA/build/skynet/build/lib/skynet/submodules
[0.910s] copying skynet/submodules/__init__.py -> /home/vanische/Rozen/MEGA/build/skynet/build/lib/skynet/submodules
[0.910s] copying skynet/submodules/FPS.py -> /home/vanische/Rozen/MEGA/build/skynet/build/lib/skynet/submodules
[0.910s] copying skynet/submodules/SkyNetAPI.py -> /home/vanische/Rozen/MEGA/build/skynet/build/lib/skynet/submodules
[0.910s] running install
[0.910s] running install_lib
[0.911s] copying /home/vanische/Rozen/MEGA/build/skynet/build/lib/skynet/daemon.py -> /home/vanische/Rozen/MEGA/install/skynet/lib/python3.10/site-packages/skynet
[0.911s] creating /home/vanische/Rozen/MEGA/install/skynet/lib/python3.10/site-packages/skynet/submodules
[0.912s] copying /home/vanische/Rozen/MEGA/build/skynet/build/lib/skynet/submodules/__init__.py -> /home/vanische/Rozen/MEGA/install/skynet/lib/python3.10/site-packages/skynet/submodules
[0.912s] copying /home/vanische/Rozen/MEGA/build/skynet/build/lib/skynet/submodules/FPS.py -> /home/vanische/Rozen/MEGA/install/skynet/lib/python3.10/site-packages/skynet/submodules
[0.912s] copying /home/vanische/Rozen/MEGA/build/skynet/build/lib/skynet/submodules/SkyNetAPI.py -> /home/vanische/Rozen/MEGA/install/skynet/lib/python3.10/site-packages/skynet/submodules
[0.912s] byte-compiling /home/vanische/Rozen/MEGA/install/skynet/lib/python3.10/site-packages/skynet/daemon.py to daemon.cpython-310.pyc
[0.913s] byte-compiling /home/vanische/Rozen/MEGA/install/skynet/lib/python3.10/site-packages/skynet/submodules/__init__.py to __init__.cpython-310.pyc
[0.913s] byte-compiling /home/vanische/Rozen/MEGA/install/skynet/lib/python3.10/site-packages/skynet/submodules/FPS.py to FPS.cpython-310.pyc
[0.913s] byte-compiling /home/vanische/Rozen/MEGA/install/skynet/lib/python3.10/site-packages/skynet/submodules/SkyNetAPI.py to SkyNetAPI.cpython-310.pyc
[0.916s] running install_data
[0.917s] running install_egg_info
[0.918s] removing '/home/vanische/Rozen/MEGA/install/skynet/lib/python3.10/site-packages/skynet-0.0.0-py3.10.egg-info' (and everything under it)
[0.918s] Copying ../../build/skynet/skynet.egg-info to /home/vanische/Rozen/MEGA/install/skynet/lib/python3.10/site-packages/skynet-0.0.0-py3.10.egg-info
[0.919s] running install_scripts
[0.935s] Installing skynet script to /home/vanische/Rozen/MEGA/install/skynet/lib/skynet
[0.936s] writing list of installed files to '/home/vanische/Rozen/MEGA/build/skynet/install.log'
[0.956s] Invoked command in '/home/vanische/Rozen/MEGA/src/skynet' returned '0': PYTHONPATH=/home/vanische/Rozen/MEGA/build/skynet/prefix_override:/usr/lib/python3/dist-packages/colcon_core/task/python/colcon_distutils_commands:/home/vanische/Rozen/MEGA/install/skynet/lib/python3.10/site-packages:${PYTHONPATH} /usr/bin/python3 -W ignore:setup.py install is deprecated setup.py egg_info --egg-base ../../build/skynet build --build-base /home/vanische/Rozen/MEGA/build/skynet/build install --record /home/vanische/Rozen/MEGA/build/skynet/install.log --single-version-externally-managed install_data
