[0.683s] Invoking command in '/home/vanische/Rozen/MEGA/src/mega': PYTHONPATH=/home/vanische/Rozen/MEGA/build/mega/prefix_override:/usr/lib/python3/dist-packages/colcon_core/task/python/colcon_distutils_commands:/home/vanische/Rozen/MEGA/install/mega/lib/python3.10/site-packages:${PYTHONPATH} /usr/bin/python3 -W ignore:setup.py install is deprecated setup.py egg_info --egg-base ../../build/mega build --build-base /home/vanische/Rozen/MEGA/build/mega/build install --record /home/vanische/Rozen/MEGA/build/mega/install.log --single-version-externally-managed install_data
[0.873s] running egg_info
[0.874s] writing ../../build/mega/mega.egg-info/PKG-INFO
[0.874s] writing dependency_links to ../../build/mega/mega.egg-info/dependency_links.txt
[0.874s] writing entry points to ../../build/mega/mega.egg-info/entry_points.txt
[0.875s] writing requirements to ../../build/mega/mega.egg-info/requires.txt
[0.875s] writing top-level names to ../../build/mega/mega.egg-info/top_level.txt
[0.876s] reading manifest file '../../build/mega/mega.egg-info/SOURCES.txt'
[0.876s] adding license file 'LICENSE'
[0.877s] writing manifest file '../../build/mega/mega.egg-info/SOURCES.txt'
[0.877s] running build
[0.877s] running build_py
[0.877s] copying mega/state_machine.py -> /home/vanische/Rozen/MEGA/build/mega/build/lib/mega
[0.878s] copying mega/stereo_camera.py -> /home/vanische/Rozen/MEGA/build/mega/build/lib/mega
[0.878s] copying mega/bottom_camera.py -> /home/vanische/Rozen/MEGA/build/mega/build/lib/mega
[0.878s] copying mega/compute_depth_map.py -> /home/vanische/Rozen/MEGA/build/mega/build/lib/mega
[0.879s] running install
[0.879s] running install_lib
[0.880s] copying /home/vanische/Rozen/MEGA/build/mega/build/lib/mega/state_machine.py -> /home/vanische/Rozen/MEGA/install/mega/lib/python3.10/site-packages/mega
[0.880s] copying /home/vanische/Rozen/MEGA/build/mega/build/lib/mega/stereo_camera.py -> /home/vanische/Rozen/MEGA/install/mega/lib/python3.10/site-packages/mega
[0.880s] copying /home/vanische/Rozen/MEGA/build/mega/build/lib/mega/bottom_camera.py -> /home/vanische/Rozen/MEGA/install/mega/lib/python3.10/site-packages/mega
[0.880s] copying /home/vanische/Rozen/MEGA/build/mega/build/lib/mega/compute_depth_map.py -> /home/vanische/Rozen/MEGA/install/mega/lib/python3.10/site-packages/mega
[0.881s] byte-compiling /home/vanische/Rozen/MEGA/install/mega/lib/python3.10/site-packages/mega/state_machine.py to state_machine.cpython-310.pyc
[0.882s] byte-compiling /home/vanische/Rozen/MEGA/install/mega/lib/python3.10/site-packages/mega/stereo_camera.py to stereo_camera.cpython-310.pyc
[0.883s] byte-compiling /home/vanische/Rozen/MEGA/install/mega/lib/python3.10/site-packages/mega/bottom_camera.py to bottom_camera.cpython-310.pyc
[0.883s] byte-compiling /home/vanische/Rozen/MEGA/install/mega/lib/python3.10/site-packages/mega/compute_depth_map.py to compute_depth_map.cpython-310.pyc
[0.884s] running install_data
[0.884s] running install_egg_info
[0.885s] removing '/home/vanische/Rozen/MEGA/install/mega/lib/python3.10/site-packages/mega-0.0.0-py3.10.egg-info' (and everything under it)
[0.886s] Copying ../../build/mega/mega.egg-info to /home/vanische/Rozen/MEGA/install/mega/lib/python3.10/site-packages/mega-0.0.0-py3.10.egg-info
[0.887s] running install_scripts
[0.905s] Installing bottom_camera script to /home/vanische/Rozen/MEGA/install/mega/lib/mega
[0.906s] Installing serial script to /home/vanische/Rozen/MEGA/install/mega/lib/mega
[0.906s] Installing state_machine script to /home/vanische/Rozen/MEGA/install/mega/lib/mega
[0.906s] Installing stereo_camera script to /home/vanische/Rozen/MEGA/install/mega/lib/mega
[0.906s] writing list of installed files to '/home/vanische/Rozen/MEGA/build/mega/install.log'
[0.926s] Invoked command in '/home/vanische/Rozen/MEGA/src/mega' returned '0': PYTHONPATH=/home/vanische/Rozen/MEGA/build/mega/prefix_override:/usr/lib/python3/dist-packages/colcon_core/task/python/colcon_distutils_commands:/home/vanische/Rozen/MEGA/install/mega/lib/python3.10/site-packages:${PYTHONPATH} /usr/bin/python3 -W ignore:setup.py install is deprecated setup.py egg_info --egg-base ../../build/mega build --build-base /home/vanische/Rozen/MEGA/build/mega/build install --record /home/vanische/Rozen/MEGA/build/mega/install.log --single-version-externally-managed install_data
