[0.746s] Invoking command in '/home/vanische/Rozen/MEGA/src/mega': PYTHONPATH=/home/vanische/Rozen/MEGA/build/mega/prefix_override:/usr/lib/python3/dist-packages/colcon_core/task/python/colcon_distutils_commands:/home/vanische/Rozen/MEGA/install/mega/lib/python3.10/site-packages:${PYTHONPATH} /usr/bin/python3 -W ignore:setup.py install is deprecated setup.py egg_info --egg-base ../../build/mega build --build-base /home/vanische/Rozen/MEGA/build/mega/build install --record /home/vanische/Rozen/MEGA/build/mega/install.log --single-version-externally-managed install_data
[0.947s] running egg_info
[0.948s] writing ../../build/mega/mega.egg-info/PKG-INFO
[0.948s] writing dependency_links to ../../build/mega/mega.egg-info/dependency_links.txt
[0.948s] writing entry points to ../../build/mega/mega.egg-info/entry_points.txt
[0.948s] writing requirements to ../../build/mega/mega.egg-info/requires.txt
[0.948s] writing top-level names to ../../build/mega/mega.egg-info/top_level.txt
[0.950s] reading manifest file '../../build/mega/mega.egg-info/SOURCES.txt'
[0.950s] adding license file 'LICENSE'
[0.951s] writing manifest file '../../build/mega/mega.egg-info/SOURCES.txt'
[0.951s] running build
[0.951s] running build_py
[0.952s] copying mega/serial_comm.py -> /home/vanische/Rozen/MEGA/build/mega/build/lib/mega
[0.953s] running install
[0.953s] running install_lib
[0.954s] copying /home/vanische/Rozen/MEGA/build/mega/build/lib/mega/serial_comm.py -> /home/vanische/Rozen/MEGA/install/mega/lib/python3.10/site-packages/mega
[0.955s] byte-compiling /home/vanische/Rozen/MEGA/install/mega/lib/python3.10/site-packages/mega/serial_comm.py to serial_comm.cpython-310.pyc
[0.955s] running install_data
[0.955s] running install_egg_info
[0.957s] removing '/home/vanische/Rozen/MEGA/install/mega/lib/python3.10/site-packages/mega-0.0.0-py3.10.egg-info' (and everything under it)
[0.957s] Copying ../../build/mega/mega.egg-info to /home/vanische/Rozen/MEGA/install/mega/lib/python3.10/site-packages/mega-0.0.0-py3.10.egg-info
[0.958s] running install_scripts
[0.977s] Installing bottom_camera script to /home/vanische/Rozen/MEGA/install/mega/lib/mega
[0.978s] Installing serial_comm script to /home/vanische/Rozen/MEGA/install/mega/lib/mega
[0.979s] Installing state_machine script to /home/vanische/Rozen/MEGA/install/mega/lib/mega
[0.979s] Installing stereo_camera script to /home/vanische/Rozen/MEGA/install/mega/lib/mega
[0.979s] writing list of installed files to '/home/vanische/Rozen/MEGA/build/mega/install.log'
[0.998s] Invoked command in '/home/vanische/Rozen/MEGA/src/mega' returned '0': PYTHONPATH=/home/vanische/Rozen/MEGA/build/mega/prefix_override:/usr/lib/python3/dist-packages/colcon_core/task/python/colcon_distutils_commands:/home/vanische/Rozen/MEGA/install/mega/lib/python3.10/site-packages:${PYTHONPATH} /usr/bin/python3 -W ignore:setup.py install is deprecated setup.py egg_info --egg-base ../../build/mega build --build-base /home/vanische/Rozen/MEGA/build/mega/build install --record /home/vanische/Rozen/MEGA/build/mega/install.log --single-version-externally-managed install_data
