/home/vanische/Rozen/MEGA/install/skynet/lib/python3.10/site-packages/skynet/__init__.py
/home/vanische/Rozen/MEGA/install/skynet/lib/python3.10/site-packages/skynet/daemon.py
/home/vanische/Rozen/MEGA/install/skynet/lib/python3.10/site-packages/skynet/submodules/__init__.py
/home/vanische/Rozen/MEGA/install/skynet/lib/python3.10/site-packages/skynet/submodules/FPS.py
/home/vanische/Rozen/MEGA/install/skynet/lib/python3.10/site-packages/skynet/submodules/SkyNetAPI.py
/home/vanische/Rozen/MEGA/install/skynet/lib/python3.10/site-packages/skynet/__pycache__/__init__.cpython-310.pyc
/home/vanische/Rozen/MEGA/install/skynet/lib/python3.10/site-packages/skynet/__pycache__/daemon.cpython-310.pyc
/home/vanische/Rozen/MEGA/install/skynet/lib/python3.10/site-packages/skynet/submodules/__pycache__/__init__.cpython-310.pyc
/home/vanische/Rozen/MEGA/install/skynet/lib/python3.10/site-packages/skynet/submodules/__pycache__/FPS.cpython-310.pyc
/home/vanische/Rozen/MEGA/install/skynet/lib/python3.10/site-packages/skynet/submodules/__pycache__/SkyNetAPI.cpython-310.pyc
/home/vanische/Rozen/MEGA/install/skynet/share/ament_index/resource_index/packages/skynet
/home/vanische/Rozen/MEGA/install/skynet/share/skynet/package.xml
/home/vanische/Rozen/MEGA/install/skynet/share/skynet/launch
/home/vanische/Rozen/MEGA/install/skynet/lib/python3.10/site-packages/skynet-0.0.0-py3.10.egg-info/PKG-INFO
/home/vanische/Rozen/MEGA/install/skynet/lib/python3.10/site-packages/skynet-0.0.0-py3.10.egg-info/zip-safe
/home/vanische/Rozen/MEGA/install/skynet/lib/python3.10/site-packages/skynet-0.0.0-py3.10.egg-info/dependency_links.txt
/home/vanische/Rozen/MEGA/install/skynet/lib/python3.10/site-packages/skynet-0.0.0-py3.10.egg-info/entry_points.txt
/home/vanische/Rozen/MEGA/install/skynet/lib/python3.10/site-packages/skynet-0.0.0-py3.10.egg-info/requires.txt
/home/vanische/Rozen/MEGA/install/skynet/lib/python3.10/site-packages/skynet-0.0.0-py3.10.egg-info/top_level.txt
/home/vanische/Rozen/MEGA/install/skynet/lib/python3.10/site-packages/skynet-0.0.0-py3.10.egg-info/SOURCES.txt
/home/vanische/Rozen/MEGA/install/skynet/lib/skynet/daemon
