[0.685s] Invoking command in '/home/vanische/Rozen/MEGA/src/mega': PYTHONPATH=/home/vanische/Rozen/MEGA/build/mega/prefix_override:/usr/lib/python3/dist-packages/colcon_core/task/python/colcon_distutils_commands:/home/vanische/Rozen/MEGA/install/mega/lib/python3.10/site-packages:${PYTHONPATH} /usr/bin/python3 -W ignore:setup.py install is deprecated setup.py egg_info --egg-base ../../build/mega build --build-base /home/vanische/Rozen/MEGA/build/mega/build install --record /home/vanische/Rozen/MEGA/build/mega/install.log --single-version-externally-managed install_data
[0.893s] running egg_info
[0.894s] writing ../../build/mega/mega.egg-info/PKG-INFO
[0.894s] writing dependency_links to ../../build/mega/mega.egg-info/dependency_links.txt
[0.895s] writing entry points to ../../build/mega/mega.egg-info/entry_points.txt
[0.895s] writing requirements to ../../build/mega/mega.egg-info/requires.txt
[0.895s] writing top-level names to ../../build/mega/mega.egg-info/top_level.txt
[0.897s] reading manifest file '../../build/mega/mega.egg-info/SOURCES.txt'
[0.897s] adding license file 'LICENSE'
[0.898s] writing manifest file '../../build/mega/mega.egg-info/SOURCES.txt'
[0.898s] running build
[0.898s] running build_py
[0.898s] copying mega/stereo_camera.py -> /home/vanische/Rozen/MEGA/build/mega/build/lib/mega
[0.898s] copying mega/bottom_camera.py -> /home/vanische/Rozen/MEGA/build/mega/build/lib/mega
[0.898s] copying mega/compute_depth_map.py -> /home/vanische/Rozen/MEGA/build/mega/build/lib/mega
[0.898s] copying mega/state_machine.py -> /home/vanische/Rozen/MEGA/build/mega/build/lib/mega
[0.899s] copying mega/submodules/FPS.py -> /home/vanische/Rozen/MEGA/build/mega/build/lib/mega/submodules
[0.899s] running install
[0.899s] running install_lib
[0.900s] copying /home/vanische/Rozen/MEGA/build/mega/build/lib/mega/submodules/FPS.py -> /home/vanische/Rozen/MEGA/install/mega/lib/python3.10/site-packages/mega/submodules
[0.900s] copying /home/vanische/Rozen/MEGA/build/mega/build/lib/mega/stereo_camera.py -> /home/vanische/Rozen/MEGA/install/mega/lib/python3.10/site-packages/mega
[0.901s] copying /home/vanische/Rozen/MEGA/build/mega/build/lib/mega/bottom_camera.py -> /home/vanische/Rozen/MEGA/install/mega/lib/python3.10/site-packages/mega
[0.901s] copying /home/vanische/Rozen/MEGA/build/mega/build/lib/mega/compute_depth_map.py -> /home/vanische/Rozen/MEGA/install/mega/lib/python3.10/site-packages/mega
[0.901s] copying /home/vanische/Rozen/MEGA/build/mega/build/lib/mega/state_machine.py -> /home/vanische/Rozen/MEGA/install/mega/lib/python3.10/site-packages/mega
[0.902s] byte-compiling /home/vanische/Rozen/MEGA/install/mega/lib/python3.10/site-packages/mega/submodules/FPS.py to FPS.cpython-310.pyc
[0.902s] byte-compiling /home/vanische/Rozen/MEGA/install/mega/lib/python3.10/site-packages/mega/stereo_camera.py to stereo_camera.cpython-310.pyc
[0.903s] byte-compiling /home/vanische/Rozen/MEGA/install/mega/lib/python3.10/site-packages/mega/bottom_camera.py to bottom_camera.cpython-310.pyc
[0.903s] byte-compiling /home/vanische/Rozen/MEGA/install/mega/lib/python3.10/site-packages/mega/compute_depth_map.py to compute_depth_map.cpython-310.pyc
[0.904s] byte-compiling /home/vanische/Rozen/MEGA/install/mega/lib/python3.10/site-packages/mega/state_machine.py to state_machine.cpython-310.pyc
[0.905s] running install_data
[0.905s] copying package.xml -> /home/vanische/Rozen/MEGA/install/mega/share/mega
[0.905s] running install_egg_info
[0.907s] removing '/home/vanische/Rozen/MEGA/install/mega/lib/python3.10/site-packages/mega-0.0.0-py3.10.egg-info' (and everything under it)
[0.907s] Copying ../../build/mega/mega.egg-info to /home/vanische/Rozen/MEGA/install/mega/lib/python3.10/site-packages/mega-0.0.0-py3.10.egg-info
[0.908s] running install_scripts
[0.927s] Installing bottom_camera script to /home/vanische/Rozen/MEGA/install/mega/lib/mega
[0.927s] Installing serial script to /home/vanische/Rozen/MEGA/install/mega/lib/mega
[0.927s] Installing state_machine script to /home/vanische/Rozen/MEGA/install/mega/lib/mega
[0.927s] Installing stereo_camera script to /home/vanische/Rozen/MEGA/install/mega/lib/mega
[0.927s] writing list of installed files to '/home/vanische/Rozen/MEGA/build/mega/install.log'
[0.948s] Invoked command in '/home/vanische/Rozen/MEGA/src/mega' returned '0': PYTHONPATH=/home/vanische/Rozen/MEGA/build/mega/prefix_override:/usr/lib/python3/dist-packages/colcon_core/task/python/colcon_distutils_commands:/home/vanische/Rozen/MEGA/install/mega/lib/python3.10/site-packages:${PYTHONPATH} /usr/bin/python3 -W ignore:setup.py install is deprecated setup.py egg_info --egg-base ../../build/mega build --build-base /home/vanische/Rozen/MEGA/build/mega/build install --record /home/vanische/Rozen/MEGA/build/mega/install.log --single-version-externally-managed install_data
