[0.804s] Invoking command in '/home/vanische/Rozen/MEGA/src/mega': PYTHONPATH=/home/vanische/Rozen/MEGA/build/mega/prefix_override:/usr/lib/python3/dist-packages/colcon_core/task/python/colcon_distutils_commands:/home/vanische/Rozen/MEGA/install/mega/lib/python3.10/site-packages:${PYTHONPATH} /usr/bin/python3 -W ignore:setup.py install is deprecated setup.py egg_info --egg-base ../../build/mega build --build-base /home/vanische/Rozen/MEGA/build/mega/build install --record /home/vanische/Rozen/MEGA/build/mega/install.log --single-version-externally-managed install_data
[1.046s] running egg_info
[1.047s] writing ../../build/mega/mega.egg-info/PKG-INFO
[1.047s] writing dependency_links to ../../build/mega/mega.egg-info/dependency_links.txt
[1.048s] writing entry points to ../../build/mega/mega.egg-info/entry_points.txt
[1.048s] writing requirements to ../../build/mega/mega.egg-info/requires.txt
[1.048s] writing top-level names to ../../build/mega/mega.egg-info/top_level.txt
[1.050s] reading manifest file '../../build/mega/mega.egg-info/SOURCES.txt'
[1.051s] adding license file 'LICENSE'
[1.051s] writing manifest file '../../build/mega/mega.egg-info/SOURCES.txt'
[1.052s] running build
[1.052s] running build_py
[1.052s] copying mega/state_machine.py -> /home/vanische/Rozen/MEGA/build/mega/build/lib/mega
[1.052s] running install
[1.053s] running install_lib
[1.054s] copying /home/vanische/Rozen/MEGA/build/mega/build/lib/mega/state_machine.py -> /home/vanische/Rozen/MEGA/install/mega/lib/python3.10/site-packages/mega
[1.055s] byte-compiling /home/vanische/Rozen/MEGA/install/mega/lib/python3.10/site-packages/mega/state_machine.py to state_machine.cpython-310.pyc
[1.055s] running install_data
[1.056s] running install_egg_info
[1.057s] removing '/home/vanische/Rozen/MEGA/install/mega/lib/python3.10/site-packages/mega-0.0.0-py3.10.egg-info' (and everything under it)
[1.058s] Copying ../../build/mega/mega.egg-info to /home/vanische/Rozen/MEGA/install/mega/lib/python3.10/site-packages/mega-0.0.0-py3.10.egg-info
[1.059s] running install_scripts
[1.079s] Installing bottom_camera script to /home/vanische/Rozen/MEGA/install/mega/lib/mega
[1.079s] Installing serial script to /home/vanische/Rozen/MEGA/install/mega/lib/mega
[1.079s] Installing state_machine script to /home/vanische/Rozen/MEGA/install/mega/lib/mega
[1.079s] Installing stereo_camera script to /home/vanische/Rozen/MEGA/install/mega/lib/mega
[1.079s] writing list of installed files to '/home/vanische/Rozen/MEGA/build/mega/install.log'
[1.104s] Invoked command in '/home/vanische/Rozen/MEGA/src/mega' returned '0': PYTHONPATH=/home/vanische/Rozen/MEGA/build/mega/prefix_override:/usr/lib/python3/dist-packages/colcon_core/task/python/colcon_distutils_commands:/home/vanische/Rozen/MEGA/install/mega/lib/python3.10/site-packages:${PYTHONPATH} /usr/bin/python3 -W ignore:setup.py install is deprecated setup.py egg_info --egg-base ../../build/mega build --build-base /home/vanische/Rozen/MEGA/build/mega/build install --record /home/vanische/Rozen/MEGA/build/mega/install.log --single-version-externally-managed install_data
